<?xml version="1.0" encoding="UTF-8"?>
<!-- Generated by org.testng.reporters.JUnitXMLReporter -->
<testsuite hostname="Toans-MBP-3" ignored="1" name="Not Logged In test" tests="2" failures="0" timestamp="04 Sep 2019 14:32:18 GMT" time="0.034" errors="0">
  <testcase name="@BeforeSuite setUp" time="0.034" classname="appium.android.knowable.test.CourseListPageTest">
    <failure type="java.lang.NullPointerException">
      <![CDATA[java.lang.NullPointerException
at appium.android.knowable.test.CourseListPageTest.setUp(CourseListPageTest.java:51)
... Removed 20 stack frames]]>
    </failure>
  </testcase> <!-- @BeforeSuite setUp -->
  <testcase name="@BeforeSuite setUp_notLoggedIn" time="0.0" classname="appium.android.knowable.test.CourseListPageTest">
    <skipped/>
  </testcase> <!-- @BeforeSuite setUp_notLoggedIn -->
  <testcase name="@BeforeSuite setUp_loggedIn" time="0.0" classname="appium.android.knowable.test.CourseListPageTest">
    <skipped/>
  </testcase> <!-- @BeforeSuite setUp_loggedIn -->
  <testcase name="@AfterMethod tearDown" time="0.0" classname="appium.android.knowable.test.CourseListPageTest">
    <skipped/>
  </testcase> <!-- @AfterMethod tearDown -->
  <testcase name="@AfterMethod tearDown" time="0.0" classname="appium.android.knowable.test.CourseListPageTest">
    <skipped/>
  </testcase> <!-- @AfterMethod tearDown -->
  <testcase name="testOpenCourseDetail" time="0.0" classname="appium.android.knowable.test.CourseListPageTest">
    <skipped/>
  </testcase> <!-- testOpenCourseDetail -->
  <testcase name="testScrollCourseList" time="0.0" classname="appium.android.knowable.test.CourseListPageTest">
    <skipped/>
  </testcase> <!-- testScrollCourseList -->
  <testcase name="testHeadLine" time="0.0" classname="appium.android.knowable.test.CourseListPageTest">
    <ignored/>
  </testcase> <!-- testHeadLine -->
</testsuite> <!-- Not Logged In test -->
