<?xml version="1.0" encoding="UTF-8"?>
<!-- Generated by org.testng.reporters.JUnitXMLReporter -->
<testsuite hostname="Toans-MBP-3" ignored="1" name="Default test" tests="1" failures="0" timestamp="05 Sep 2019 16:33:29 GMT" time="80.953" errors="0">
  <testcase name="test_skipForwardBackward_audioPaused" time="22.66" classname="appium.android.knowable.test.FullPlayerPageTest"/>
  <testcase name="test_switchContext" time="0.0" classname="appium.android.knowable.test.FullPlayerPageTest">
    <ignored/>
  </testcase> <!-- test_switchContext -->
</testsuite> <!-- Default test -->
