<?xml version="1.0" encoding="UTF-8"?>
<testng-results skipped="0" failed="0" ignored="0" total="8" passed="8">
  <reporter-output>
  </reporter-output>
  <suite name="Settings Test Suite" duration-ms="267014" started-at="2019-09-05T18:02:11Z" finished-at="2019-09-05T18:06:38Z">
    <groups>
    </groups>
    <test name="Settings Test" duration-ms="267014" started-at="2019-09-05T18:02:11Z" finished-at="2019-09-05T18:06:38Z">
      <class name="appium.android.knowable.test.SettingsPageTest">
        <test-method status="PASS" signature="setup()[pri:0, instance:appium.android.knowable.test.SettingsPageTest@1ed4004b]" name="setup" is-config="true" duration-ms="44617" started-at="2019-09-05T18:01:27Z" finished-at="2019-09-05T18:02:11Z">
          <reporter-output>
          </reporter-output>
        </test-method> <!-- setup -->
        <test-method status="PASS" signature="test_clickApplyToTeach()[pri:0, instance:appium.android.knowable.test.SettingsPageTest@1ed4004b]" name="test_clickApplyToTeach" duration-ms="8723" started-at="2019-09-05T18:02:11Z" finished-at="2019-09-05T18:02:20Z">
          <reporter-output>
          </reporter-output>
        </test-method> <!-- test_clickApplyToTeach -->
        <test-method status="PASS" signature="afterTestCase(org.testng.ITestResult)[pri:0, instance:appium.android.knowable.test.SettingsPageTest@1ed4004b]" name="afterTestCase" is-config="true" duration-ms="13826" started-at="2019-09-05T18:02:20Z" finished-at="2019-09-05T18:02:34Z">
          <params>
            <param index="0">
              <value>
                <![CDATA[[TestResult name=test_clickApplyToTeach status=SUCCESS method=SettingsPageTest.test_clickApplyToTeach()[pri:0, instance:appium.android.knowable.test.SettingsPageTest@1ed4004b] output={null}]]]>
              </value>
            </param>
          </params>
          <reporter-output>
          </reporter-output>
        </test-method> <!-- afterTestCase -->
        <test-method status="PASS" signature="test_clickFeedback()[pri:0, instance:appium.android.knowable.test.SettingsPageTest@1ed4004b]" name="test_clickFeedback" duration-ms="8864" started-at="2019-09-05T18:02:34Z" finished-at="2019-09-05T18:02:43Z">
          <reporter-output>
          </reporter-output>
        </test-method> <!-- test_clickFeedback -->
        <test-method status="PASS" signature="afterTestCase(org.testng.ITestResult)[pri:0, instance:appium.android.knowable.test.SettingsPageTest@1ed4004b]" name="afterTestCase" is-config="true" duration-ms="23997" started-at="2019-09-05T18:02:43Z" finished-at="2019-09-05T18:03:07Z">
          <params>
            <param index="0">
              <value>
                <![CDATA[[TestResult name=test_clickFeedback status=SUCCESS method=SettingsPageTest.test_clickFeedback()[pri:0, instance:appium.android.knowable.test.SettingsPageTest@1ed4004b] output={null}]]]>
              </value>
            </param>
          </params>
          <reporter-output>
          </reporter-output>
        </test-method> <!-- afterTestCase -->
        <test-method status="PASS" signature="test_clickHelp()[pri:0, instance:appium.android.knowable.test.SettingsPageTest@1ed4004b]" name="test_clickHelp" duration-ms="8992" started-at="2019-09-05T18:03:07Z" finished-at="2019-09-05T18:03:16Z">
          <reporter-output>
          </reporter-output>
        </test-method> <!-- test_clickHelp -->
        <test-method status="PASS" signature="afterTestCase(org.testng.ITestResult)[pri:0, instance:appium.android.knowable.test.SettingsPageTest@1ed4004b]" name="afterTestCase" is-config="true" duration-ms="28411" started-at="2019-09-05T18:03:16Z" finished-at="2019-09-05T18:03:44Z">
          <params>
            <param index="0">
              <value>
                <![CDATA[[TestResult name=test_clickHelp status=SUCCESS method=SettingsPageTest.test_clickHelp()[pri:0, instance:appium.android.knowable.test.SettingsPageTest@1ed4004b] output={null}]]]>
              </value>
            </param>
          </params>
          <reporter-output>
          </reporter-output>
        </test-method> <!-- afterTestCase -->
        <test-method status="PASS" signature="test_clickJoinTeam()[pri:0, instance:appium.android.knowable.test.SettingsPageTest@1ed4004b]" name="test_clickJoinTeam" duration-ms="16097" started-at="2019-09-05T18:03:44Z" finished-at="2019-09-05T18:04:00Z">
          <reporter-output>
          </reporter-output>
        </test-method> <!-- test_clickJoinTeam -->
        <test-method status="PASS" signature="afterTestCase(org.testng.ITestResult)[pri:0, instance:appium.android.knowable.test.SettingsPageTest@1ed4004b]" name="afterTestCase" is-config="true" duration-ms="32339" started-at="2019-09-05T18:04:00Z" finished-at="2019-09-05T18:04:33Z">
          <params>
            <param index="0">
              <value>
                <![CDATA[[TestResult name=test_clickJoinTeam status=SUCCESS method=SettingsPageTest.test_clickJoinTeam()[pri:0, instance:appium.android.knowable.test.SettingsPageTest@1ed4004b] output={null}]]]>
              </value>
            </param>
          </params>
          <reporter-output>
          </reporter-output>
        </test-method> <!-- afterTestCase -->
        <test-method status="PASS" signature="test_clickLogin()[pri:0, instance:appium.android.knowable.test.SettingsPageTest@1ed4004b]" name="test_clickLogin" duration-ms="5805" started-at="2019-09-05T18:04:33Z" finished-at="2019-09-05T18:04:39Z">
          <reporter-output>
          </reporter-output>
        </test-method> <!-- test_clickLogin -->
        <test-method status="PASS" signature="afterTestCase(org.testng.ITestResult)[pri:0, instance:appium.android.knowable.test.SettingsPageTest@1ed4004b]" name="afterTestCase" is-config="true" duration-ms="13431" started-at="2019-09-05T18:04:39Z" finished-at="2019-09-05T18:04:52Z">
          <params>
            <param index="0">
              <value>
                <![CDATA[[TestResult name=test_clickLogin status=SUCCESS method=SettingsPageTest.test_clickLogin()[pri:0, instance:appium.android.knowable.test.SettingsPageTest@1ed4004b] output={null}]]]>
              </value>
            </param>
          </params>
          <reporter-output>
          </reporter-output>
        </test-method> <!-- afterTestCase -->
        <test-method status="PASS" signature="test_clickPrivacy()[pri:0, instance:appium.android.knowable.test.SettingsPageTest@1ed4004b]" name="test_clickPrivacy" duration-ms="8544" started-at="2019-09-05T18:04:52Z" finished-at="2019-09-05T18:05:01Z">
          <reporter-output>
          </reporter-output>
        </test-method> <!-- test_clickPrivacy -->
        <test-method status="PASS" signature="afterTestCase(org.testng.ITestResult)[pri:0, instance:appium.android.knowable.test.SettingsPageTest@1ed4004b]" name="afterTestCase" is-config="true" duration-ms="11267" started-at="2019-09-05T18:05:01Z" finished-at="2019-09-05T18:05:12Z">
          <params>
            <param index="0">
              <value>
                <![CDATA[[TestResult name=test_clickPrivacy status=SUCCESS method=SettingsPageTest.test_clickPrivacy()[pri:0, instance:appium.android.knowable.test.SettingsPageTest@1ed4004b] output={null}]]]>
              </value>
            </param>
          </params>
          <reporter-output>
          </reporter-output>
        </test-method> <!-- afterTestCase -->
        <test-method status="PASS" signature="test_clickSignup()[pri:0, instance:appium.android.knowable.test.SettingsPageTest@1ed4004b]" name="test_clickSignup" duration-ms="6906" started-at="2019-09-05T18:05:12Z" finished-at="2019-09-05T18:05:19Z">
          <reporter-output>
          </reporter-output>
        </test-method> <!-- test_clickSignup -->
        <test-method status="PASS" signature="afterTestCase(org.testng.ITestResult)[pri:0, instance:appium.android.knowable.test.SettingsPageTest@1ed4004b]" name="afterTestCase" is-config="true" duration-ms="34999" started-at="2019-09-05T18:05:19Z" finished-at="2019-09-05T18:05:54Z">
          <params>
            <param index="0">
              <value>
                <![CDATA[[TestResult name=test_clickSignup status=SUCCESS method=SettingsPageTest.test_clickSignup()[pri:0, instance:appium.android.knowable.test.SettingsPageTest@1ed4004b] output={null}]]]>
              </value>
            </param>
          </params>
          <reporter-output>
          </reporter-output>
        </test-method> <!-- afterTestCase -->
        <test-method status="PASS" signature="test_clickTerm()[pri:0, instance:appium.android.knowable.test.SettingsPageTest@1ed4004b]" name="test_clickTerm" duration-ms="15190" started-at="2019-09-05T18:05:54Z" finished-at="2019-09-05T18:06:09Z">
          <reporter-output>
          </reporter-output>
        </test-method> <!-- test_clickTerm -->
        <test-method status="PASS" signature="afterTestCase(org.testng.ITestResult)[pri:0, instance:appium.android.knowable.test.SettingsPageTest@1ed4004b]" name="afterTestCase" is-config="true" duration-ms="29561" started-at="2019-09-05T18:06:09Z" finished-at="2019-09-05T18:06:38Z">
          <params>
            <param index="0">
              <value>
                <![CDATA[[TestResult name=test_clickTerm status=SUCCESS method=SettingsPageTest.test_clickTerm()[pri:0, instance:appium.android.knowable.test.SettingsPageTest@1ed4004b] output={null}]]]>
              </value>
            </param>
          </params>
          <reporter-output>
          </reporter-output>
        </test-method> <!-- afterTestCase -->
        <test-method status="PASS" signature="closeApp()[pri:0, instance:appium.android.knowable.test.SettingsPageTest@1ed4004b]" name="closeApp" is-config="true" duration-ms="1288" started-at="2019-09-05T18:06:39Z" finished-at="2019-09-05T18:06:40Z">
          <reporter-output>
          </reporter-output>
        </test-method> <!-- closeApp -->
      </class> <!-- appium.android.knowable.test.SettingsPageTest -->
    </test> <!-- Settings Test -->
  </suite> <!-- Settings Test Suite -->
</testng-results>
