<?xml version="1.0" encoding="UTF-8"?>
<!-- Generated by org.testng.reporters.JUnitXMLReporter -->
<testsuite hostname="Toans-MBP-3" ignored="1" name="Course List - Not Logged In" tests="2" failures="0" timestamp="04 Sep 2019 14:35:50 GMT" time="40.281" errors="0">
  <testcase name="testOpenCourseDetail" time="3.555" classname="appium.android.knowable.test.CourseListPageTest"/>
  <testcase name="testScrollCourseList" time="5.975" classname="appium.android.knowable.test.CourseListPageTest"/>
  <testcase name="testHeadLine" time="0.0" classname="appium.android.knowable.test.CourseListPageTest">
    <ignored/>
  </testcase> <!-- testHeadLine -->
</testsuite> <!-- Course List - Not Logged In -->
