<?xml version="1.0" encoding="UTF-8"?>
<!-- Generated by org.testng.reporters.JUnitXMLReporter -->
<testsuite hostname="Toans-MBP-3" ignored="2" name="Course List - Logged In" tests="1" failures="0" timestamp="04 Sep 2019 14:37:06 GMT" time="18.545" errors="0">
  <testcase name="testHeadLine" time="9.442" classname="appium.android.knowable.test.CourseListPageTest"/>
  <testcase name="testOpenCourseDetail" time="0.0" classname="appium.android.knowable.test.CourseListPageTest">
    <ignored/>
  </testcase> <!-- testOpenCourseDetail -->
  <testcase name="testScrollCourseList" time="0.0" classname="appium.android.knowable.test.CourseListPageTest">
    <ignored/>
  </testcase> <!-- testScrollCourseList -->
</testsuite> <!-- Course List - Logged In -->
